<?xml version="1.0" encoding="UTF-8"?>
<robot generator="Rebot 3.2.2 (Python 3.9.1 on darwin)" generated="20210507 16:41:05.103" rpa="false">
<suite id="s1" name="Testcase" source="/Users/naufalpry/Automation/robot-framework/mamikos/testcase">
<suite id="s1-s1" name="Akun-saya-1" source="/Users/naufalpry/Automation/robot-framework/mamikos/testcase/Akun-saya-1.robot">
<test id="s1-s1-t1" name="Pengaturan">
<kw name="Setup Browser" library="setting" type="setup">
<kw name="Evaluate" library="BuiltIn">
<doc>Evaluates the given expression in Python and returns the result.</doc>
<arguments>
<arg>sys.modules['selenium.webdriver'].ChromeOptions()</arg>
<arg>sys</arg>
</arguments>
<assign>
<var>${options}</var>
</assign>
<msg timestamp="20210507 16:41:04.795" level="INFO">${options} = &lt;selenium.webdriver.chrome.options.Options object at 0x7fa548bd35b0&gt;</msg>
<status status="PASS" starttime="20210507 16:41:04.795" endtime="20210507 16:41:04.795"></status>
</kw>
<kw name="Call Method" library="BuiltIn">
<doc>Calls the named method of the given object with the provided arguments.</doc>
<arguments>
<arg>${options}</arg>
<arg>add_argument</arg>
<arg>--start-maximized</arg>
</arguments>
<status status="PASS" starttime="20210507 16:41:04.795" endtime="20210507 16:41:04.796"></status>
</kw>
<kw name="Call Method" library="BuiltIn">
<doc>Calls the named method of the given object with the provided arguments.</doc>
<arguments>
<arg>${options}</arg>
<arg>add_argument</arg>
<arg>--disable-notifications</arg>
</arguments>
<status status="PASS" starttime="20210507 16:41:04.796" endtime="20210507 16:41:04.796"></status>
</kw>
<kw name="Call Method" library="BuiltIn">
<doc>Calls the named method of the given object with the provided arguments.</doc>
<arguments>
<arg>${options}</arg>
<arg>add_argument</arg>
<arg>${RUNNING_ON}</arg>
</arguments>
<status status="PASS" starttime="20210507 16:41:04.796" endtime="20210507 16:41:04.797"></status>
</kw>
<kw name="Call Method" library="BuiltIn">
<doc>Calls the named method of the given object with the provided arguments.</doc>
<arguments>
<arg>${options}</arg>
<arg>add_argument</arg>
<arg>-incognito</arg>
</arguments>
<status status="PASS" starttime="20210507 16:41:04.798" endtime="20210507 16:41:04.798"></status>
</kw>
<kw name="Call Method" library="BuiltIn">
<doc>Calls the named method of the given object with the provided arguments.</doc>
<arguments>
<arg>${options}</arg>
<arg>add_argument</arg>
<arg>--ignore-certificate-errors</arg>
</arguments>
<status status="PASS" starttime="20210507 16:41:04.798" endtime="20210507 16:41:04.798"></status>
</kw>
<kw name="Call Method" library="BuiltIn">
<doc>Calls the named method of the given object with the provided arguments.</doc>
<arguments>
<arg>${options}</arg>
<arg>add_argument</arg>
<arg>--no-sandbox</arg>
</arguments>
<status status="PASS" starttime="20210507 16:41:04.799" endtime="20210507 16:41:04.799"></status>
</kw>
<kw name="Call Method" library="BuiltIn">
<doc>Calls the named method of the given object with the provided arguments.</doc>
<arguments>
<arg>${options}</arg>
<arg>add_argument</arg>
<arg>--disable-dev-shm-usage</arg>
</arguments>
<status status="PASS" starttime="20210507 16:41:04.800" endtime="20210507 16:41:04.800"></status>
</kw>
<kw name="Call Method" library="BuiltIn">
<doc>Calls the named method of the given object with the provided arguments.</doc>
<arguments>
<arg>${options}</arg>
<arg>add_argument</arg>
<arg>--load-and-launch-app ~/.config/google-chrome/Default/Extensions/</arg>
</arguments>
<status status="PASS" starttime="20210507 16:41:04.801" endtime="20210507 16:41:04.801"></status>
</kw>
<kw name="Create Webdriver" library="Selenium2Library">
<doc>Creates an instance of Selenium WebDriver.</doc>
<arguments>
<arg>Chrome</arg>
<arg>chrome_options=${options}</arg>
</arguments>
<msg timestamp="20210507 16:41:04.802" level="INFO">Creating an instance of the Chrome WebDriver.</msg>
<kw name="Capture Page Screenshot" library="Selenium2Library">
<doc>Takes a screenshot of the current page and embeds it into a log file.</doc>
<msg timestamp="20210507 16:41:04.816" level="INFO">Cannot capture screenshot because no browser is open.</msg>
<status status="PASS" starttime="20210507 16:41:04.814" endtime="20210507 16:41:04.816"></status>
</kw>
<msg timestamp="20210507 16:41:04.824" level="FAIL">WebDriverException: Message: 'chromedriver' executable needs to be in PATH. Please see https://sites.google.com/a/chromium.org/chromedriver/home
</msg>
<status status="FAIL" starttime="20210507 16:41:04.801" endtime="20210507 16:41:04.824"></status>
</kw>
<status status="FAIL" starttime="20210507 16:41:04.794" endtime="20210507 16:41:04.825"></status>
</kw>
<kw name="Close browser" library="setting" type="teardown">
<kw name="Close All Browsers" library="Selenium2Library">
<doc>Closes all open browsers and resets the browser cache.</doc>
<status status="PASS" starttime="20210507 16:41:04.826" endtime="20210507 16:41:04.826"></status>
</kw>
<status status="PASS" starttime="20210507 16:41:04.825" endtime="20210507 16:41:04.826"></status>
</kw>
<status status="FAIL" starttime="20210507 16:41:04.794" endtime="20210507 16:41:04.826" critical="yes">Setup failed:
WebDriverException: Message: 'chromedriver' executable needs to be in PATH. Please see https://sites.google.com/a/chromium.org/chromedriver/home
</status>
</test>
<status status="FAIL" starttime="20210507 16:41:04.416" endtime="20210507 16:41:04.827"></status>
</suite>
<doc>[https://pabot.org/?ref=log|Pabot] result from 1 executions.</doc>
<status status="FAIL" starttime="20210507 16:41:04.384" endtime="20210507 16:41:04.828"></status>
</suite>
<statistics>
<total>
<stat pass="0" fail="1">Critical Tests</stat>
<stat pass="0" fail="1">All Tests</stat>
</total>
<tag>
</tag>
<suite>
<stat pass="0" fail="1" id="s1" name="Testcase">Testcase</stat>
<stat pass="0" fail="1" id="s1-s1" name="Akun-saya-1">Testcase.Akun-saya-1</stat>
</suite>
</statistics>
<errors>
<msg timestamp="20210507 16:41:04.672" level="ERROR">Error in file '/Users/naufalpry/Automation/robot-framework/mamikos/service/setting.robot' on line 4: Test library '../var/notif.py' does not exist.</msg>
<msg timestamp="20210507 16:41:04.778" level="ERROR">Error in file '/Users/naufalpry/Automation/robot-framework/mamikos/service/resource.robot' on line 6: Importing test library 'HttpLibrary.HTTP' failed: SyntaxError: invalid syntax (__init__.py, line 16)
Traceback (most recent call last):
  None
PYTHONPATH:
  /Library/Frameworks/Python.framework/Versions/3.9/bin
  /Library/Frameworks/Python.framework/Versions/3.9/lib/python39.zip
  /Library/Frameworks/Python.framework/Versions/3.9/lib/python3.9
  /Library/Frameworks/Python.framework/Versions/3.9/lib/python3.9/lib-dynload
  /Library/Frameworks/Python.framework/Versions/3.9/lib/python3.9/site-packages</msg>
</errors>
</robot>
